<?xml version="1.0" encoding="UTF-8"?>
<!-- Generated by org.testng.reporters.JUnitReportReporter -->
<testsuite hostname="Ashwini" failures="0" tests="1" name="maven_Practice.ParameterTest" time="0.259" errors="0" timestamp="2023-04-02T07:11:08 IST" skipped="0">
  <testcase classname="maven_Practice.ParameterTest" name="param" time="0.259"/>
  <system-out/>
</testsuite> <!-- maven_Practice.ParameterTest -->
